#
# There is insufficient memory for the Java Runtime Environment to continue.
# Native memory allocation (mmap) failed to map 65536 bytes for Failed to commit metaspace.
# Possible reasons:
#   The system is out of physical RAM or swap space
#   The process is running with CompressedOops enabled, and the Java Heap may be blocking the growth of the native heap
# Possible solutions:
#   Reduce memory load on the system
#   Increase physical memory or swap space
#   Check if swap backing store is full
#   Decrease Java heap size (-Xmx/-Xms)
#   Decrease number of Java threads
#   Decrease Java thread stack sizes (-Xss)
#   Set larger code cache with -XX:ReservedCodeCacheSize=
#   JVM is running with Unscaled Compressed Oops mode in which the Java heap is
#     placed in the first 4GB address space. The Java Heap base address is the
#     maximum limit for the native heap growth. Please use -XX:HeapBaseMinAddress
#     to set the Java Heap base and to place the Java Heap above 4GB virtual address.
# This output file may be truncated or incomplete.
#
#  Out of Memory Error (virtualSpaceNode.cpp:110), pid=10688, tid=2220
#
# JRE version:  (17.0.6+9) (build )
# Java VM: Java HotSpot(TM) 64-Bit Server VM (17.0.6+9-LTS-190, mixed mode, tiered, compressed oops, compressed class ptrs, g1 gc, windows-amd64)
# No core dump will be written. Minidumps are not enabled by default on client versions of Windows
#

---------------  S U M M A R Y ------------

Command Line: -Xmx512m -Dfile.encoding=UTF-8 edu.umd.cs.findbugs.FindBugs2 -xml:withMessages=C:\Users\Controls\openhab-elk-4.0.0\git\openhab-addons\bundles\org.openhab.binding.elkm1\target\spotbugsTemp.xml -auxclasspathFromInput -projectName openHAB Add-ons :: Bundles :: Elk M1 Gold Binding -effort:min -high -pluginList C:\Users\Controls\openhab-elk-4.0.0\git\openhab-addons\bundles\org.openhab.binding.elkm1\target\code-analysis\findbugs-0.15.0.jar;C:\Users\Controls\openhab-elk-4.0.0\git\openhab-addons\bundles\org.openhab.binding.elkm1\target\code-analysis\bug-pattern-1.5.0.jar -visitors AtomicityProblem,BadSyntaxForRegularExpression,BooleanReturnNull,ConfusionBetweenInheritedAndOuterMethod,CovariantArrayAssignment,DontCatchIllegalMonitorStateException,DontIgnoreResultOfPutIfAbsent,DroppedException,FinalizerNullsFields,FindBadCast2,FindCircularDependencies,FindComparatorProblems,FindDeadLocalStores,FindDoubleCheck,FindFieldSelfAssignment,FindFloatEquality,FindInconsistentSync2,FindJSR166LockMonitorenter,FindLocalSelfAssignment2,FindMismatchedWaitOrNotify,FindNoSideEffectMethods,FindNonShortCircuit,FindOpenStream,FindPuzzlers,FindRefComparison,FindRunInvocations,FindSelfComparison,FindSelfComparison2,FindSleepWithLockHeld,FindSpinLoop,FindTwoLockWait,FindUnreleasedLock,FindUselessControlFlow,InfiniteLoop,InfiniteRecursiveLoop,InitializationChain,InitializeNonnullFieldsInConstructor,IllegalPassedClassDetector,InvalidJUnitTest,ManualMessageDetector,MutableLock,MutableStaticFields,NoiseNullDeref,ReadOfInstanceFieldInMethodInvokedByConstructorInSuperclass,RedundantConditions,RuntimeExceptionCapture,StartInConstructor,StaticCalendarDetector,SuspiciousThreadInterrupted,SynchronizationOnSharedBuiltinConstant,SynchronizeAndNullCheckField,SynchronizingOnContentsOfFieldToProtectField,URLProblems,UncallableMethodOfAnonymousClass,UnreadFields,VarArgsProblems,VolatileUsage,WaitInLoop,StaticLoggerDetector,WrongPlaceholderDetector -relaxed -nested:false -onlyAnalyze org.openhab.-,org.openhab.core.- -include C:\Users\Controls\openhab-elk-4.0.0\git\openhab-addons\bundles\org.openhab.binding.elkm1\target\code-analysis\include.xml -exclude C:\Users\Controls\openhab-elk-4.0.0\git\openhab-addons\bundles\org.openhab.binding.elkm1\target\code-analysis\suppressions.xml C:\Users\Controls\openhab-elk-4.0.0\git\openhab-addons\bundles\org.openhab.binding.elkm1\target\classes

Host: Intel(R) Core(TM) i7-7700 CPU @ 3.60GHz, 6 cores, 4G,  Windows 10 , 64 bit Build 19041 (10.0.19041.3636)
Time: Thu Feb 29 21:29:55 2024 Eastern Standard Time elapsed time: 0.052881 seconds (0d 0h 0m 0s)

---------------  T H R E A D  ---------------

Current thread (0x0000022589278200):  JavaThread "main" [_thread_in_vm, id=2220, stack(0x000000a742600000,0x000000a742700000)]

Stack: [0x000000a742600000,0x000000a742700000]
Native frames: (J=compiled Java code, j=interpreted, Vv=VM code, C=native code)
V  [jvm.dll+0x6734ea]
V  [jvm.dll+0x7d18f4]
V  [jvm.dll+0x7d309e]
V  [jvm.dll+0x7d3703]
V  [jvm.dll+0x2433c5]
V  [jvm.dll+0x7cd9fb]
V  [jvm.dll+0x619546]
V  [jvm.dll+0x6195aa]
V  [jvm.dll+0x61bdcd]
V  [jvm.dll+0x619f06]
V  [jvm.dll+0x623c07]
V  [jvm.dll+0x1e79bd]
V  [jvm.dll+0x1e7f85]
V  [jvm.dll+0x1e88cb]
V  [jvm.dll+0x1de0d1]
V  [jvm.dll+0x5399dc]
V  [jvm.dll+0x1ee9ea]
V  [jvm.dll+0x74ba4d]
V  [jvm.dll+0x74ce33]
V  [jvm.dll+0x74d5c5]
V  [jvm.dll+0x1e618a]
V  [jvm.dll+0x1e8817]
V  [jvm.dll+0x1de0d1]
V  [jvm.dll+0x5399dc]
V  [jvm.dll+0x1ee9ea]
V  [jvm.dll+0x74ba4d]
V  [jvm.dll+0x74ce33]
V  [jvm.dll+0x74d168]
V  [jvm.dll+0x23b88b]
V  [jvm.dll+0x37a0ae]
C  0x000002259803b6ce

Java frames: (J=compiled Java code, j=interpreted, Vv=VM code)
j  java.lang.System.setJavaLangAccess()V+0 java.base
j  java.lang.System.initPhase1()V+0 java.base
v  ~StubRoutines::call_stub

---------------  P R O C E S S  ---------------

Threads class SMR info:
_java_thread_list=0x00000225a36e5cc0, length=3, elements={
0x0000022589278200, 0x00000225a36fa620, 0x00000225a36fc3b0
}

Java Threads: ( => current thread )
=>0x0000022589278200 JavaThread "main" [_thread_in_vm, id=2220, stack(0x000000a742600000,0x000000a742700000)]
  0x00000225a36fa620 JavaThread "Reference Handler" daemon [_thread_blocked, id=1608, stack(0x000000a742d00000,0x000000a742e00000)]
  0x00000225a36fc3b0 JavaThread "Finalizer" daemon [_thread_in_vm, id=9812, stack(0x000000a742e00000,0x000000a742f00000)]

Other Threads:
  0x000002258932d9c0 VMThread "VM Thread" [stack: 0x000000a742c00000,0x000000a742d00000] [id=1416]
  0x00000225892a5ba0 GCTaskThread "GC Thread#0" [stack: 0x000000a742700000,0x000000a742800000] [id=10692]
  0x00000225892aa9f0 ConcurrentGCThread "G1 Main Marker" [stack: 0x000000a742800000,0x000000a742900000] [id=2652]
  0x00000225892ab310 ConcurrentGCThread "G1 Conc#0" [stack: 0x000000a742900000,0x000000a742a00000] [id=9020]
  0x0000022589304c40 ConcurrentGCThread "G1 Refine#0" [stack: 0x000000a742a00000,0x000000a742b00000] [id=12128]
  0x0000022589305570 ConcurrentGCThread "G1 Service" [stack: 0x000000a742b00000,0x000000a742c00000] [id=1860]

Threads with active compile tasks:

VM state: not at safepoint (normal execution)

VM Mutex/Monitor currently owned by a thread:  ([mutex/lock_event])
[0x0000022589270a70] Metaspace_lock - owner thread: 0x0000022589278200

Heap address: 0x00000000e0000000, size: 512 MB, Compressed Oops mode: 32-bit

CDS archive(s) not mapped
Compressed class space mapped at: 0x0000000100000000-0x0000000140000000, reserved size: 1073741824
Narrow klass base: 0x0000000000000000, Narrow klass shift: 3, Narrow klass range: 0x140000000

GC Precious Log:
 CPUs: 6 total, 6 available
 Memory: 4998M
 Large Page Support: Disabled
 NUMA Support: Disabled
 Compressed Oops: Enabled (32-bit)
 Heap Region Size: 1M
 Heap Min Capacity: 8M
 Heap Initial Capacity: 80M
 Heap Max Capacity: 512M
 Pre-touch: Disabled
 Parallel Workers: 6
 Concurrent Workers: 2
 Concurrent Refinement Workers: 6
 Periodic GC: Disabled

Heap:
 garbage-first heap   total 81920K, used 0K [0x00000000e0000000, 0x0000000100000000)
  region size 1024K, 1 young (1024K), 0 survivors (0K)
 Metaspace       used 1873K, committed 1920K, reserved 1056768K
  class space    used 145K, committed 192K, reserved 1048576K

Heap Regions: E=young(eden), S=young(survivor), O=old, HS=humongous(starts), HC=humongous(continues), CS=collection set, F=free, OA=open archive, CA=closed archive, TAMS=top-at-mark-start (previous, next)
|   0|0x00000000e0000000, 0x00000000e0000000, 0x00000000e0100000|  0%| F|  |TAMS 0x00000000e0000000, 0x00000000e0000000| Untracked 
|   1|0x00000000e0100000, 0x00000000e0100000, 0x00000000e0200000|  0%| F|  |TAMS 0x00000000e0100000, 0x00000000e0100000| Untracked 
|   2|0x00000000e0200000, 0x00000000e0200000, 0x00000000e0300000|  0%| F|  |TAMS 0x00000000e0200000, 0x00000000e0200000| Untracked 
|   3|0x00000000e0300000, 0x00000000e0300000, 0x00000000e0400000|  0%| F|  |TAMS 0x00000000e0300000, 0x00000000e0300000| Untracked 
|   4|0x00000000e0400000, 0x00000000e0400000, 0x00000000e0500000|  0%| F|  |TAMS 0x00000000e0400000, 0x00000000e0400000| Untracked 
|   5|0x00000000e0500000, 0x00000000e0500000, 0x00000000e0600000|  0%| F|  |TAMS 0x00000000e0500000, 0x00000000e0500000| Untracked 
|   6|0x00000000e0600000, 0x00000000e0600000, 0x00000000e0700000|  0%| F|  |TAMS 0x00000000e0600000, 0x00000000e0600000| Untracked 
|   7|0x00000000e0700000, 0x00000000e0700000, 0x00000000e0800000|  0%| F|  |TAMS 0x00000000e0700000, 0x00000000e0700000| Untracked 
|   8|0x00000000e0800000, 0x00000000e0800000, 0x00000000e0900000|  0%| F|  |TAMS 0x00000000e0800000, 0x00000000e0800000| Untracked 
|   9|0x00000000e0900000, 0x00000000e0900000, 0x00000000e0a00000|  0%| F|  |TAMS 0x00000000e0900000, 0x00000000e0900000| Untracked 
|  10|0x00000000e0a00000, 0x00000000e0a00000, 0x00000000e0b00000|  0%| F|  |TAMS 0x00000000e0a00000, 0x00000000e0a00000| Untracked 
|  11|0x00000000e0b00000, 0x00000000e0b00000, 0x00000000e0c00000|  0%| F|  |TAMS 0x00000000e0b00000, 0x00000000e0b00000| Untracked 
|  12|0x00000000e0c00000, 0x00000000e0c00000, 0x00000000e0d00000|  0%| F|  |TAMS 0x00000000e0c00000, 0x00000000e0c00000| Untracked 
|  13|0x00000000e0d00000, 0x00000000e0d00000, 0x00000000e0e00000|  0%| F|  |TAMS 0x00000000e0d00000, 0x00000000e0d00000| Untracked 
|  14|0x00000000e0e00000, 0x00000000e0e00000, 0x00000000e0f00000|  0%| F|  |TAMS 0x00000000e0e00000, 0x00000000e0e00000| Untracked 
|  15|0x00000000e0f00000, 0x00000000e0f00000, 0x00000000e1000000|  0%| F|  |TAMS 0x00000000e0f00000, 0x00000000e0f00000| Untracked 
|  16|0x00000000e1000000, 0x00000000e1000000, 0x00000000e1100000|  0%| F|  |TAMS 0x00000000e1000000, 0x00000000e1000000| Untracked 
|  17|0x00000000e1100000, 0x00000000e1100000, 0x00000000e1200000|  0%| F|  |TAMS 0x00000000e1100000, 0x00000000e1100000| Untracked 
|  18|0x00000000e1200000, 0x00000000e1200000, 0x00000000e1300000|  0%| F|  |TAMS 0x00000000e1200000, 0x00000000e1200000| Untracked 
|  19|0x00000000e1300000, 0x00000000e1300000, 0x00000000e1400000|  0%| F|  |TAMS 0x00000000e1300000, 0x00000000e1300000| Untracked 
|  20|0x00000000e1400000, 0x00000000e1400000, 0x00000000e1500000|  0%| F|  |TAMS 0x00000000e1400000, 0x00000000e1400000| Untracked 
|  21|0x00000000e1500000, 0x00000000e1500000, 0x00000000e1600000|  0%| F|  |TAMS 0x00000000e1500000, 0x00000000e1500000| Untracked 
|  22|0x00000000e1600000, 0x00000000e1600000, 0x00000000e1700000|  0%| F|  |TAMS 0x00000000e1600000, 0x00000000e1600000| Untracked 
|  23|0x00000000e1700000, 0x00000000e1700000, 0x00000000e1800000|  0%| F|  |TAMS 0x00000000e1700000, 0x00000000e1700000| Untracked 
|  24|0x00000000e1800000, 0x00000000e1800000, 0x00000000e1900000|  0%| F|  |TAMS 0x00000000e1800000, 0x00000000e1800000| Untracked 
|  25|0x00000000e1900000, 0x00000000e1900000, 0x00000000e1a00000|  0%| F|  |TAMS 0x00000000e1900000, 0x00000000e1900000| Untracked 
|  26|0x00000000e1a00000, 0x00000000e1a00000, 0x00000000e1b00000|  0%| F|  |TAMS 0x00000000e1a00000, 0x00000000e1a00000| Untracked 
|  27|0x00000000e1b00000, 0x00000000e1b00000, 0x00000000e1c00000|  0%| F|  |TAMS 0x00000000e1b00000, 0x00000000e1b00000| Untracked 
|  28|0x00000000e1c00000, 0x00000000e1c00000, 0x00000000e1d00000|  0%| F|  |TAMS 0x00000000e1c00000, 0x00000000e1c00000| Untracked 
|  29|0x00000000e1d00000, 0x00000000e1d00000, 0x00000000e1e00000|  0%| F|  |TAMS 0x00000000e1d00000, 0x00000000e1d00000| Untracked 
|  30|0x00000000e1e00000, 0x00000000e1e00000, 0x00000000e1f00000|  0%| F|  |TAMS 0x00000000e1e00000, 0x00000000e1e00000| Untracked 
|  31|0x00000000e1f00000, 0x00000000e1f00000, 0x00000000e2000000|  0%| F|  |TAMS 0x00000000e1f00000, 0x00000000e1f00000| Untracked 
|  32|0x00000000e2000000, 0x00000000e2000000, 0x00000000e2100000|  0%| F|  |TAMS 0x00000000e2000000, 0x00000000e2000000| Untracked 
|  33|0x00000000e2100000, 0x00000000e2100000, 0x00000000e2200000|  0%| F|  |TAMS 0x00000000e2100000, 0x00000000e2100000| Untracked 
|  34|0x00000000e2200000, 0x00000000e2200000, 0x00000000e2300000|  0%| F|  |TAMS 0x00000000e2200000, 0x00000000e2200000| Untracked 
|  35|0x00000000e2300000, 0x00000000e2300000, 0x00000000e2400000|  0%| F|  |TAMS 0x00000000e2300000, 0x00000000e2300000| Untracked 
|  36|0x00000000e2400000, 0x00000000e2400000, 0x00000000e2500000|  0%| F|  |TAMS 0x00000000e2400000, 0x00000000e2400000| Untracked 
|  37|0x00000000e2500000, 0x00000000e2500000, 0x00000000e2600000|  0%| F|  |TAMS 0x00000000e2500000, 0x00000000e2500000| Untracked 
|  38|0x00000000e2600000, 0x00000000e2600000, 0x00000000e2700000|  0%| F|  |TAMS 0x00000000e2600000, 0x00000000e2600000| Untracked 
|  39|0x00000000e2700000, 0x00000000e2700000, 0x00000000e2800000|  0%| F|  |TAMS 0x00000000e2700000, 0x00000000e2700000| Untracked 
|  40|0x00000000e2800000, 0x00000000e2800000, 0x00000000e2900000|  0%| F|  |TAMS 0x00000000e2800000, 0x00000000e2800000| Untracked 
|  41|0x00000000e2900000, 0x00000000e2900000, 0x00000000e2a00000|  0%| F|  |TAMS 0x00000000e2900000, 0x00000000e2900000| Untracked 
|  42|0x00000000e2a00000, 0x00000000e2a00000, 0x00000000e2b00000|  0%| F|  |TAMS 0x00000000e2a00000, 0x00000000e2a00000| Untracked 
|  43|0x00000000e2b00000, 0x00000000e2b00000, 0x00000000e2c00000|  0%| F|  |TAMS 0x00000000e2b00000, 0x00000000e2b00000| Untracked 
|  44|0x00000000e2c00000, 0x00000000e2c00000, 0x00000000e2d00000|  0%| F|  |TAMS 0x00000000e2c00000, 0x00000000e2c00000| Untracked 
|  45|0x00000000e2d00000, 0x00000000e2d00000, 0x00000000e2e00000|  0%| F|  |TAMS 0x00000000e2d00000, 0x00000000e2d00000| Untracked 
|  46|0x00000000e2e00000, 0x00000000e2e00000, 0x00000000e2f00000|  0%| F|  |TAMS 0x00000000e2e00000, 0x00000000e2e00000| Untracked 
|  47|0x00000000e2f00000, 0x00000000e2f00000, 0x00000000e3000000|  0%| F|  |TAMS 0x00000000e2f00000, 0x00000000e2f00000| Untracked 
|  48|0x00000000e3000000, 0x00000000e3000000, 0x00000000e3100000|  0%| F|  |TAMS 0x00000000e3000000, 0x00000000e3000000| Untracked 
|  49|0x00000000e3100000, 0x00000000e3100000, 0x00000000e3200000|  0%| F|  |TAMS 0x00000000e3100000, 0x00000000e3100000| Untracked 
|  50|0x00000000e3200000, 0x00000000e3200000, 0x00000000e3300000|  0%| F|  |TAMS 0x00000000e3200000, 0x00000000e3200000| Untracked 
|  51|0x00000000e3300000, 0x00000000e3300000, 0x00000000e3400000|  0%| F|  |TAMS 0x00000000e3300000, 0x00000000e3300000| Untracked 
|  52|0x00000000e3400000, 0x00000000e3400000, 0x00000000e3500000|  0%| F|  |TAMS 0x00000000e3400000, 0x00000000e3400000| Untracked 
|  53|0x00000000e3500000, 0x00000000e3500000, 0x00000000e3600000|  0%| F|  |TAMS 0x00000000e3500000, 0x00000000e3500000| Untracked 
|  54|0x00000000e3600000, 0x00000000e3600000, 0x00000000e3700000|  0%| F|  |TAMS 0x00000000e3600000, 0x00000000e3600000| Untracked 
|  55|0x00000000e3700000, 0x00000000e3700000, 0x00000000e3800000|  0%| F|  |TAMS 0x00000000e3700000, 0x00000000e3700000| Untracked 
|  56|0x00000000e3800000, 0x00000000e3800000, 0x00000000e3900000|  0%| F|  |TAMS 0x00000000e3800000, 0x00000000e3800000| Untracked 
|  57|0x00000000e3900000, 0x00000000e3900000, 0x00000000e3a00000|  0%| F|  |TAMS 0x00000000e3900000, 0x00000000e3900000| Untracked 
|  58|0x00000000e3a00000, 0x00000000e3a00000, 0x00000000e3b00000|  0%| F|  |TAMS 0x00000000e3a00000, 0x00000000e3a00000| Untracked 
|  59|0x00000000e3b00000, 0x00000000e3b00000, 0x00000000e3c00000|  0%| F|  |TAMS 0x00000000e3b00000, 0x00000000e3b00000| Untracked 
|  60|0x00000000e3c00000, 0x00000000e3c00000, 0x00000000e3d00000|  0%| F|  |TAMS 0x00000000e3c00000, 0x00000000e3c00000| Untracked 
|  61|0x00000000e3d00000, 0x00000000e3d00000, 0x00000000e3e00000|  0%| F|  |TAMS 0x00000000e3d00000, 0x00000000e3d00000| Untracked 
|  62|0x00000000e3e00000, 0x00000000e3e00000, 0x00000000e3f00000|  0%| F|  |TAMS 0x00000000e3e00000, 0x00000000e3e00000| Untracked 
|  63|0x00000000e3f00000, 0x00000000e3f00000, 0x00000000e4000000|  0%| F|  |TAMS 0x00000000e3f00000, 0x00000000e3f00000| Untracked 
|  64|0x00000000e4000000, 0x00000000e4000000, 0x00000000e4100000|  0%| F|  |TAMS 0x00000000e4000000, 0x00000000e4000000| Untracked 
|  65|0x00000000e4100000, 0x00000000e4100000, 0x00000000e4200000|  0%| F|  |TAMS 0x00000000e4100000, 0x00000000e4100000| Untracked 
|  66|0x00000000e4200000, 0x00000000e4200000, 0x00000000e4300000|  0%| F|  |TAMS 0x00000000e4200000, 0x00000000e4200000| Untracked 
|  67|0x00000000e4300000, 0x00000000e4300000, 0x00000000e4400000|  0%| F|  |TAMS 0x00000000e4300000, 0x00000000e4300000| Untracked 
|  68|0x00000000e4400000, 0x00000000e4400000, 0x00000000e4500000|  0%| F|  |TAMS 0x00000000e4400000, 0x00000000e4400000| Untracked 
|  69|0x00000000e4500000, 0x00000000e4500000, 0x00000000e4600000|  0%| F|  |TAMS 0x00000000e4500000, 0x00000000e4500000| Untracked 
|  70|0x00000000e4600000, 0x00000000e4600000, 0x00000000e4700000|  0%| F|  |TAMS 0x00000000e4600000, 0x00000000e4600000| Untracked 
|  71|0x00000000e4700000, 0x00000000e4700000, 0x00000000e4800000|  0%| F|  |TAMS 0x00000000e4700000, 0x00000000e4700000| Untracked 
|  72|0x00000000e4800000, 0x00000000e4800000, 0x00000000e4900000|  0%| F|  |TAMS 0x00000000e4800000, 0x00000000e4800000| Untracked 
|  73|0x00000000e4900000, 0x00000000e4900000, 0x00000000e4a00000|  0%| F|  |TAMS 0x00000000e4900000, 0x00000000e4900000| Untracked 
|  74|0x00000000e4a00000, 0x00000000e4a00000, 0x00000000e4b00000|  0%| F|  |TAMS 0x00000000e4a00000, 0x00000000e4a00000| Untracked 
|  75|0x00000000e4b00000, 0x00000000e4b00000, 0x00000000e4c00000|  0%| F|  |TAMS 0x00000000e4b00000, 0x00000000e4b00000| Untracked 
|  76|0x00000000e4c00000, 0x00000000e4c00000, 0x00000000e4d00000|  0%| F|  |TAMS 0x00000000e4c00000, 0x00000000e4c00000| Untracked 
|  77|0x00000000e4d00000, 0x00000000e4d00000, 0x00000000e4e00000|  0%| F|  |TAMS 0x00000000e4d00000, 0x00000000e4d00000| Untracked 
|  78|0x00000000e4e00000, 0x00000000e4e00000, 0x00000000e4f00000|  0%| F|  |TAMS 0x00000000e4e00000, 0x00000000e4e00000| Untracked 
|  79|0x00000000e4f00000, 0x00000000e4f6b8c0, 0x00000000e5000000| 42%| E|  |TAMS 0x00000000e4f00000, 0x00000000e4f00000| Complete 

Card table byte_map: [0x000002259fd00000,0x000002259fe00000] _byte_map_base: 0x000002259f600000

Marking Bits (Prev, Next): (CMBitMap*) 0x00000225892a60c0, (CMBitMap*) 0x00000225892a6100
 Prev Bits: [0x000002259ff00000, 0x00000225a0700000)
 Next Bits: [0x00000225a0700000, 0x00000225a0f00000)

Polling page: 0x0000022587170000

Metaspace:

Usage:
  Non-class:      1.69 MB used.
      Class:    145.76 KB used.
       Both:      1.83 MB used.

Virtual space:
  Non-class space:        8.00 MB reserved,       1.69 MB ( 21%) committed,  1 nodes.
      Class space:        1.00 GB reserved,     192.00 KB ( <1%) committed,  1 nodes.
             Both:        1.01 GB reserved,       1.88 MB ( <1%) committed. 

Chunk freelists:
   Non-Class:  0 bytes
       Class:  3.75 MB
        Both:  3.75 MB

MaxMetaspaceSize: unlimited
CompressedClassSpaceSize: 1.00 GB
Initial GC threshold: 21.00 MB
Current GC threshold: 17179869184.00 GB
CDS: off
MetaspaceReclaimPolicy: balanced
 - commit_granule_bytes: 65536.
 - commit_granule_words: 8192.
 - virtual_space_node_default_size: 1048576.
 - enlarge_chunks_in_place: 1.
 - new_chunks_are_fully_committed: 0.
 - uncommit_free_chunks: 1.
 - use_allocation_guard: 0.
 - handle_deallocations: 1.


Internal statistics:

num_allocs_failed_limit: 0.
num_arena_births: 2.
num_arena_deaths: 0.
num_vsnodes_births: 2.
num_vsnodes_deaths: 0.
num_space_committed: 30.
num_space_uncommitted: 0.
num_chunks_returned_to_freelist: 0.
num_chunks_taken_from_freelist: 3.
num_chunk_merges: 0.
num_chunk_splits: 1.
num_chunks_enlarged: 0.
num_purges: 0.
num_inconsistent_stats: 0.

CodeHeap 'non-profiled nmethods': size=120000Kb used=0Kb max_used=0Kb free=120000Kb
 bounds [0x00000225985c0000, 0x0000022598830000, 0x000002259faf0000]
CodeHeap 'profiled nmethods': size=120000Kb used=0Kb max_used=0Kb free=120000Kb
 bounds [0x0000022590af0000, 0x0000022590d60000, 0x0000022598020000]
CodeHeap 'non-nmethods': size=5760Kb used=361Kb max_used=361Kb free=5398Kb
 bounds [0x0000022598020000, 0x0000022598290000, 0x00000225985c0000]
 total_blobs=147 nmethods=0 adapters=120
 compilation: enabled
              stopped_count=0, restarted_count=0
 full_count=0

Compilation events (0 events):
No events

GC Heap History (0 events):
No events

Deoptimization events (0 events):
No events

Classes unloaded (0 events):
No events

Classes redefined (0 events):
No events

Internal exceptions (0 events):
No events

VM Operations (0 events):
No events

Events (20 events):
Event: 0.048 loading class java/lang/ref/Reference$ReferenceHandler
Event: 0.048 loading class java/lang/ref/Reference$ReferenceHandler done
Event: 0.048 loading class jdk/internal/ref/Cleaner
Event: 0.048 loading class jdk/internal/ref/Cleaner done
Event: 0.048 loading class java/lang/ref/ReferenceQueue
Event: 0.048 loading class java/lang/ref/ReferenceQueue done
Event: 0.048 loading class java/lang/ref/ReferenceQueue$Null
Event: 0.048 loading class java/lang/ref/ReferenceQueue$Null done
Event: 0.048 loading class java/lang/ref/ReferenceQueue$Lock
Event: 0.048 loading class java/lang/ref/ReferenceQueue$Lock done
Event: 0.048 Thread 0x00000225a36fa620 Thread added: 0x00000225a36fa620
Event: 0.048 loading class java/lang/ref/Reference$1
Event: 0.048 loading class jdk/internal/access/JavaLangRefAccess
Event: 0.048 loading class jdk/internal/access/JavaLangRefAccess done
Event: 0.048 loading class java/lang/ref/Reference$1 done
Event: 0.048 loading class java/lang/ref/Finalizer$FinalizerThread
Event: 0.048 loading class java/lang/ref/Finalizer$FinalizerThread done
Event: 0.048 Thread 0x00000225a36fc3b0 Thread added: 0x00000225a36fc3b0
Event: 0.048 loading class java/lang/System$2
Event: 0.048 loading class jdk/internal/access/JavaLangAccess


Dynamic libraries:
0x00007ff6df060000 - 0x00007ff6df070000 	C:\Program Files\Java\jdk-17\bin\java.exe
0x00007ffa78750000 - 0x00007ffa78948000 	C:\WINDOWS\SYSTEM32\ntdll.dll
0x00007ffa76790000 - 0x00007ffa7684d000 	C:\WINDOWS\System32\KERNEL32.DLL
0x00007ffa76340000 - 0x00007ffa76636000 	C:\WINDOWS\System32\KERNELBASE.dll
0x00007ffa760e0000 - 0x00007ffa761e0000 	C:\WINDOWS\System32\ucrtbase.dll
0x00007ffa65350000 - 0x00007ffa6536b000 	C:\Program Files\Java\jdk-17\bin\VCRUNTIME140.dll
0x00007ffa68910000 - 0x00007ffa68928000 	C:\Program Files\Java\jdk-17\bin\jli.dll
0x00007ffa77350000 - 0x00007ffa77403000 	C:\WINDOWS\System32\ADVAPI32.dll
0x00007ffa76a50000 - 0x00007ffa76aee000 	C:\WINDOWS\System32\msvcrt.dll
0x00007ffa77720000 - 0x00007ffa777bf000 	C:\WINDOWS\System32\sechost.dll
0x00007ffa77f70000 - 0x00007ffa78096000 	C:\WINDOWS\System32\RPCRT4.dll
0x00007ffa75e60000 - 0x00007ffa75e87000 	C:\WINDOWS\System32\bcrypt.dll
0x00007ffa768b0000 - 0x00007ffa76a4e000 	C:\WINDOWS\System32\USER32.dll
0x00007ffa67650000 - 0x00007ffa678ea000 	C:\WINDOWS\WinSxS\amd64_microsoft.windows.common-controls_6595b64144ccf1df_6.0.19041.3636_none_60b6a03d71f818d5\COMCTL32.dll
0x00007ffa76760000 - 0x00007ffa76782000 	C:\WINDOWS\System32\win32u.dll
0x00007ffa776f0000 - 0x00007ffa7771b000 	C:\WINDOWS\System32\GDI32.dll
0x00007ffa76640000 - 0x00007ffa76757000 	C:\WINDOWS\System32\gdi32full.dll
0x00007ffa75f00000 - 0x00007ffa75f9d000 	C:\WINDOWS\System32\msvcp_win.dll
0x00007ffa6d000000 - 0x00007ffa6d00a000 	C:\WINDOWS\SYSTEM32\VERSION.dll
0x00007ffa785b0000 - 0x00007ffa785e2000 	C:\WINDOWS\System32\IMM32.DLL
0x00007ffa6a690000 - 0x00007ffa6a69c000 	C:\Program Files\Java\jdk-17\bin\vcruntime140_1.dll
0x00007ffa628e0000 - 0x00007ffa6296e000 	C:\Program Files\Java\jdk-17\bin\msvcp140.dll
0x00007ffa4c0a0000 - 0x00007ffa4cc77000 	C:\Program Files\Java\jdk-17\bin\server\jvm.dll
0x00007ffa76af0000 - 0x00007ffa76af8000 	C:\WINDOWS\System32\PSAPI.DLL
0x00007ffa688d0000 - 0x00007ffa688d9000 	C:\WINDOWS\SYSTEM32\WSOCK32.dll
0x00007ffa5eee0000 - 0x00007ffa5ef07000 	C:\WINDOWS\SYSTEM32\WINMM.dll
0x00007ffa77550000 - 0x00007ffa775bb000 	C:\WINDOWS\System32\WS2_32.dll
0x00007ffa73cc0000 - 0x00007ffa73cd2000 	C:\WINDOWS\SYSTEM32\kernel.appcore.dll
0x00007ffa68880000 - 0x00007ffa6888a000 	C:\Program Files\Java\jdk-17\bin\jimage.dll
0x00007ffa636c0000 - 0x00007ffa638a4000 	C:\WINDOWS\SYSTEM32\DBGHELP.DLL
0x00007ffa63680000 - 0x00007ffa636b4000 	C:\WINDOWS\SYSTEM32\dbgcore.DLL
0x00007ffa76050000 - 0x00007ffa760d2000 	C:\WINDOWS\System32\bcryptPrimitives.dll
0x00007ffa65120000 - 0x00007ffa65145000 	C:\Program Files\Java\jdk-17\bin\java.dll
0x00007ffa60f50000 - 0x00007ffa61027000 	C:\Program Files\Java\jdk-17\bin\jsvml.dll

dbghelp: loaded successfully - version: 4.0.5 - missing functions: none
symbol engine: initialized successfully - sym options: 0x614 - pdb path: .;C:\Program Files\Java\jdk-17\bin;C:\WINDOWS\SYSTEM32;C:\WINDOWS\WinSxS\amd64_microsoft.windows.common-controls_6595b64144ccf1df_6.0.19041.3636_none_60b6a03d71f818d5;C:\Program Files\Java\jdk-17\bin\server

VM Arguments:
jvm_args: -Xmx512m -Dfile.encoding=UTF-8 
java_command: edu.umd.cs.findbugs.FindBugs2 -xml:withMessages=C:\Users\Controls\openhab-elk-4.0.0\git\openhab-addons\bundles\org.openhab.binding.elkm1\target\spotbugsTemp.xml -auxclasspathFromInput -projectName openHAB Add-ons :: Bundles :: Elk M1 Gold Binding -effort:min -high -pluginList C:\Users\Controls\openhab-elk-4.0.0\git\openhab-addons\bundles\org.openhab.binding.elkm1\target\code-analysis\findbugs-0.15.0.jar;C:\Users\Controls\openhab-elk-4.0.0\git\openhab-addons\bundles\org.openhab.binding.elkm1\target\code-analysis\bug-pattern-1.5.0.jar -visitors AtomicityProblem,BadSyntaxForRegularExpression,BooleanReturnNull,ConfusionBetweenInheritedAndOuterMethod,CovariantArrayAssignment,DontCatchIllegalMonitorStateException,DontIgnoreResultOfPutIfAbsent,DroppedException,FinalizerNullsFields,FindBadCast2,FindCircularDependencies,FindComparatorProblems,FindDeadLocalStores,FindDoubleCheck,FindFieldSelfAssignment,FindFloatEquality,FindInconsistentSync2,FindJSR166LockMonitorenter,FindLocalSelfAssignment2,FindMismatchedWaitOrNotify,FindNoSideEffectMethods,FindNonShortCircuit,FindOpenStream,FindPuzzlers,FindRefComparison,FindRunInvocations,FindSelfComparison,FindSelfComparison2,FindSleepWithLockHeld,FindSpinLoop,FindTwoLockWait,FindUnreleasedLock,FindUselessControlFlow,InfiniteLoop,InfiniteRecursiveLoop,InitializationChain,InitializeNonnullFieldsInConstructor,IllegalPassedClassDetector,InvalidJUnitTest,ManualMessageDetector,MutableLock,MutableStaticFields,NoiseNullDeref,ReadOfInstanceFieldInMethodInvokedByConstructorInSuperclass,RedundantConditions,RuntimeExceptionCapture,StartInConstructor,StaticCalendarDetector,SuspiciousThreadInterrupted,SynchronizationOnSharedBuiltinConstant,SynchronizeAndNullCheckField,SynchronizingOnContentsOfFieldToProtectField,URLProblems,UncallableMethodOfAnonymousClass,UnreadFields,VarArgsProblems,VolatileUsage,WaitInLoop,StaticLoggerDetector,WrongPlaceholderDetector -relaxed -nested:false -onlyAnalyze org.openhab.-,org.openhab.core.- -include C:\
java_class_path (initial): C:\Users\Controls\.m2\repository\com\github\spotbugs\spotbugs-maven-plugin\4.6.0.0\spotbugs-maven-plugin-4.6.0.0.jar;C:\Users\Controls\.m2\repository\com\github\spotbugs\spotbugs\4.7.0\spotbugs-4.7.0.jar;C:\Users\Controls\.m2\repository\org\apache\bcel\bcel\6.5.0\bcel-6.5.0.jar;C:\Users\Controls\.m2\repository\net\jcip\jcip-annotations\1.0\jcip-annotations-1.0.jar;C:\Users\Controls\.m2\repository\org\dom4j\dom4j\2.1.3\dom4j-2.1.3.jar;C:\Users\Controls\.m2\repository\org\apache\commons\commons-text\1.9\commons-text-1.9.jar;C:\Users\Controls\.m2\repository\com\github\spotbugs\spotbugs-annotations\4.7.0\spotbugs-annotations-4.7.0.jar;C:\Users\Controls\.m2\repository\com\google\code\findbugs\jsr305\3.0.2\jsr305-3.0.2.jar;C:\Users\Controls\.m2\repository\com\google\code\gson\gson\2.9.0\gson-2.9.0.jar;C:\Users\Controls\.m2\repository\jaxen\jaxen\1.2.0\jaxen-1.2.0.jar;C:\Users\Controls\.m2\repository\net\sf\saxon\Saxon-HE\11.3\Saxon-HE-11.3.jar;C:\Users\Controls\.m2\repository\org\xmlresolver\xmlresolver\4.2.0\xmlresolver-4.2.0.jar;C:\Users\Controls\.m2\repository\xml-apis\xml-apis\1.4.01\xml-apis-1.4.01.jar;C:\Users\Controls\.m2\repository\org\xmlresolver\xmlresolver\4.2.0\xmlresolver-4.2.0-data.jar;C:\Users\Controls\.m2\repository\org\slf4j\jcl-over-slf4j\1.7.36\jcl-over-slf4j-1.7.36.jar;C:\Users\Controls\.m2\repository\org\slf4j\slf4j-api\1.7.36\slf4j-api-1.7.36.jar;C:\Users\Controls\.m2\repository\org\slf4j\slf4j-simple\1.7.36\slf4j-simple-1.7.36.jar;C:\Users\Controls\.m2\repository\org\apache\ant\ant\1.10.12\ant-1.10.12.jar;C:\Users\Controls\.m2\repository\org\apache\ant\ant-launcher\1.10.12\ant-launcher-1.10.12.jar;C:\Users\Controls\.m2\repository\org\apache\groovy\groovy\4.0.1\groovy-4.0.1.jar;C:\Users\Controls\.m2\repository\org\apache\groovy\groovy-ant\4.0.1\groovy-ant-4.0.1.jar;C:\Users\Controls\.m2\repository\org\apache\groovy\groovy-groovydoc\4.0.1\groovy-groovydoc-4.0.1.jar;C:\Users\Controls\.m2\repository\org\apache\groovy\groovy-
Launcher Type: SUN_STANDARD

[Global flags]
     intx CICompilerCount                          = 3                                         {product} {ergonomic}
     uint ConcGCThreads                            = 2                                         {product} {ergonomic}
     uint G1ConcRefinementThreads                  = 6                                         {product} {ergonomic}
   size_t G1HeapRegionSize                         = 1048576                                   {product} {ergonomic}
    uintx GCDrainStackTargetSize                   = 64                                        {product} {ergonomic}
   size_t InitialHeapSize                          = 83886080                                  {product} {ergonomic}
   size_t MarkStackSize                            = 4194304                                   {product} {ergonomic}
   size_t MaxHeapSize                              = 536870912                                 {product} {command line}
   size_t MaxNewSize                               = 321912832                                 {product} {ergonomic}
   size_t MinHeapDeltaBytes                        = 1048576                                   {product} {ergonomic}
   size_t MinHeapSize                              = 8388608                                   {product} {ergonomic}
    uintx NonNMethodCodeHeapSize                   = 5832780                                {pd product} {ergonomic}
    uintx NonProfiledCodeHeapSize                  = 122912730                              {pd product} {ergonomic}
    uintx ProfiledCodeHeapSize                     = 122912730                              {pd product} {ergonomic}
    uintx ReservedCodeCacheSize                    = 251658240                              {pd product} {ergonomic}
     bool SegmentedCodeCache                       = true                                      {product} {ergonomic}
   size_t SoftMaxHeapSize                          = 536870912                              {manageable} {ergonomic}
     bool UseCompressedClassPointers               = true                           {product lp64_product} {ergonomic}
     bool UseCompressedOops                        = true                           {product lp64_product} {ergonomic}
     bool UseG1GC                                  = true                                      {product} {ergonomic}
     bool UseLargePagesIndividualAllocation        = false                                  {pd product} {ergonomic}

Logging:
Log output configuration:
 #0: stdout all=warning uptime,level,tags
 #1: stderr all=off uptime,level,tags

Environment Variables:
JAVA_HOME=C:\Program Files\Java\jdk-17
PATH=C:\Program Files\Common Files\Oracle\Java\javapath;C:\WINDOWS\system32;C:\WINDOWS;C:\WINDOWS\System32\Wbem;C:\WINDOWS\System32\WindowsPowerShell\v1.0\;C:\WINDOWS\System32\OpenSSH\;C:\Program Files\Git\cmd;C:\Program Files\apache-maven-3.9.0\bin;C:\Users\Controls\AppData\Local\Microsoft\WindowsApps;
USERNAME=Controls
OS=Windows_NT
PROCESSOR_IDENTIFIER=Intel64 Family 6 Model 158 Stepping 9, GenuineIntel



---------------  S Y S T E M  ---------------

OS:
 Windows 10 , 64 bit Build 19041 (10.0.19041.3636)
OS uptime: 14 days 7:13 hours
Hyper-V virtualization detected

CPU: total 6 (initial active 6) (4 cores per cpu, 2 threads per core) family 6 model 158 stepping 9 microcode 0xffffffff, cx8, cmov, fxsr, ht, mmx, 3dnowpref, sse, sse2, sse3, ssse3, sse4.1, sse4.2, popcnt, lzcnt, tsc, avx, avx2, aes, erms, clmul, bmi1, bmi2, rtm, adx, fma, vzeroupper, clflush, clflushopt, hv

Memory: 4k page, system-wide physical 4998M (278M free)
TotalPageFile size 9094M (AvailPageFile size 4M)
current process WorkingSet (physical memory assigned to process): 17M, peak: 17M
current process commit charge ("private bytes"): 142M, peak: 143M

vm_info: Java HotSpot(TM) 64-Bit Server VM (17.0.6+9-LTS-190) for windows-amd64 JRE (17.0.6+9-LTS-190), built on Dec  6 2022 15:53:54 by "mach5one" with MS VC++ 17.1 (VS2022)

END.
